2015/11/27 17:22:27 にビルドを開始しました。
     1>ノード 2 上のプロジェクト "C:\Users\RyuyaNakamura\Documents\project-ms\game\game\game.vcxproj" (Build ターゲット)。
     1>ClCompile:
         C:\Program Files (x86)\Microsoft Visual Studio 12.0\VC\bin\CL.exe /c /I"C:\Program Files\Autodesk\FBX\FBX SDK\2016.1.2\include" /I../include /ZI /nologo /W3 /WX- /sdl /Od /Oy- /D WIN32 /D _DEBUG /D _WINDOWS /D _MBCS /Gm /EHsc /RTC1 /MTd /GS /fp:precise /Zc:wchar_t /Zc:forScope /Fo"Debug\\" /Fd"Debug\vc120.pdb" /Gd /TP /analyze- /errorReport:prompt source_code\application\application.cpp source_code\application\camera\camera.cpp source_code\application\camera\cameras\oltho_camera.cpp source_code\application\camera\cameras\perspective_camera.cpp source_code\application\camera\camera_factory.cpp source_code\application\camera\camera_manager.cpp source_code\application\collision\collision.cpp source_code\application\collision\collision_factory.cpp source_code\application\collision\collision_manager.cpp source_code\application\debug\debug_font.cpp source_code\application\effect\effect.cpp source_code\application\effect\effect_manager.cpp source_code\application\fps\fps.cpp source_code\application\input\input.cpp source_code\application\input\inputs\gamepad.cpp source_code\application\input\inputs\keyboard.cpp source_code\application\input\input_factory.cpp source_code\application\math\vector.cpp source_code\application\object\object.cpp source_code\application\object\objects\mesh\field.cpp source_code\application\object\objects\model\fbx\fbx_grandfather.cpp source_code\application\object\objects\model\fbx_model.cpp source_code\application\object\objects\model\x_model.cpp source_code\application\object\objects\notice\bullet.cpp source_code\application\object\objects\sprite\number.cpp source_code\application\object\objects\sprite\sprite2d.cpp source_code\application\object\objects\sprite\timer.cpp source_code\application\object\objects\sprite\water_gage.cpp source_code\application\object\object_factory.cpp source_code\application\object\object_manager.cpp source_code\application\render\directx9\directx9.cpp source_code\application\render\directx9\directx9_holder.cpp source_code\application\render\renderer.cpp source_code\application\render\renderer_factory.cpp source_code\application\resource\fbx_container_manager.cpp source_code\application\resource\fbx_my_container.cpp source_code\application\resource\resource_holder.cpp source_code\application\resource\texture.cpp source_code\application\resource\texture_creator.cpp source_code\application\resource\texture_manager.cpp source_code\application\resource\x_container.cpp source_code\application\resource\x_container_manager.cpp source_code\application\scene\fade\fade.cpp source_code\application\scene\scene.cpp source_code\application\scene\scenes\game.cpp source_code\application\scene\scenes\loading.cpp source_code\application\scene\scenes\matching.cpp source_code\application\scene\scenes\result.cpp source_code\application\scene\scenes\title.cpp source_code\application\scene\scene_factory.cpp source_code\application\scene\scene_manager.cpp source_code\application\shader\shader.cpp source_code\application\sound\sound.cpp source_code\application\thread\thread.cpp source_code\application\window\window.cpp source_code\application\window\window_holder.cpp source_code\main.cpp
         title.cpp
         result.cpp
         matching.cpp
         loading.cpp
         game.cpp
         object_manager.cpp
         object_factory.cpp
         water_gage.cpp
         timer.cpp
         sprite2d.cpp
         number.cpp
         bullet.cpp
         x_model.cpp
         fbx_model.cpp
         fbx_grandfather.cpp
         field.cpp
         object.cpp
         collision_manager.cpp
         collision_factory.cpp
         collision.cpp
         コードを生成中...
         スキップ中... (関連する変更は検出されませんでした)
         main.cpp
         window_holder.cpp
         window.cpp
         thread.cpp
         sound.cpp
         shader.cpp
         scene_manager.cpp
         scene_factory.cpp
         scene.cpp
         fade.cpp
         x_container_manager.cpp
         x_container.cpp
         texture_manager.cpp
         texture_creator.cpp
         texture.cpp
         resource_holder.cpp
         fbx_my_container.cpp
         fbx_container_manager.cpp
         renderer_factory.cpp
         renderer.cpp
         directx9_holder.cpp
         directx9.cpp
         vector.cpp
         input_factory.cpp
         keyboard.cpp
         gamepad.cpp
         input.cpp
         fps.cpp
         effect_manager.cpp
         effect.cpp
         debug_font.cpp
         camera_manager.cpp
         camera_factory.cpp
         perspective_camera.cpp
         oltho_camera.cpp
         camera.cpp
         application.cpp
       Link:
         C:\Program Files (x86)\Microsoft Visual Studio 12.0\VC\bin\link.exe /ERRORREPORT:PROMPT /OUT:"C:\Users\RyuyaNakamura\Documents\project-ms\game\game\Debug\game.exe" /INCREMENTAL /NOLOGO /LIBPATH:"C:\Program Files\Autodesk\FBX\FBX SDK\2016.1.2\lib\vs2013\x86\debug" /LIBPATH:../lib/x86 kernel32.lib user32.lib gdi32.lib winspool.lib comdlg32.lib advapi32.lib shell32.lib ole32.lib oleaut32.lib uuid.lib odbc32.lib odbccp32.lib "libfbxsdk-mt.lib" kernel32.lib user32.lib gdi32.lib winspool.lib comdlg32.lib advapi32.lib shell32.lib ole32.lib oleaut32.lib uuid.lib odbc32.lib odbccp32.lib /MANIFEST /MANIFESTUAC:"level='asInvoker' uiAccess='false'" /manifest:embed /DEBUG /PDB:"C:\Users\RyuyaNakamura\Documents\project-ms\game\game\Debug\game.pdb" /SUBSYSTEM:WINDOWS /TLBID:1 /DYNAMICBASE /NXCOMPAT /IMPLIB:"C:\Users\RyuyaNakamura\Documents\project-ms\game\game\Debug\game.lib" /MACHINE:X86 Debug\application.obj
         Debug\camera.obj
         Debug\oltho_camera.obj
         Debug\perspective_camera.obj
         Debug\camera_factory.obj
         Debug\camera_manager.obj
         Debug\collision.obj
         Debug\collision_factory.obj
         Debug\collision_manager.obj
         Debug\debug_font.obj
         Debug\effect.obj
         Debug\effect_manager.obj
         Debug\fps.obj
         Debug\input.obj
         Debug\gamepad.obj
         Debug\keyboard.obj
         Debug\input_factory.obj
         Debug\vector.obj
         Debug\object.obj
         Debug\field.obj
         Debug\fbx_grandfather.obj
         Debug\fbx_model.obj
         Debug\x_model.obj
         Debug\bullet.obj
         Debug\number.obj
         Debug\sprite2d.obj
         Debug\timer.obj
         Debug\water_gage.obj
         Debug\object_factory.obj
         Debug\object_manager.obj
         Debug\directx9.obj
         Debug\directx9_holder.obj
         Debug\renderer.obj
         Debug\renderer_factory.obj
         Debug\fbx_container_manager.obj
         Debug\fbx_my_container.obj
         Debug\resource_holder.obj
         Debug\texture.obj
         Debug\texture_creator.obj
         Debug\texture_manager.obj
         Debug\x_container.obj
         Debug\x_container_manager.obj
         Debug\fade.obj
         Debug\scene.obj
         Debug\game.obj
         Debug\loading.obj
         Debug\matching.obj
         Debug\result.obj
         Debug\title.obj
         Debug\scene_factory.obj
         Debug\scene_manager.obj
         Debug\shader.obj
         Debug\sound.obj
         Debug\thread.obj
         Debug\window.obj
         Debug\window_holder.obj
         Debug\main.obj
         LINK : 前回のインクリメンタル リンクで C:\Users\RyuyaNakamura\Documents\project-ms\game\game\Debug\game.exe が見つからなかったか、ビルドされませんでした。フル リンクを行います。
         game.vcxproj -> C:\Users\RyuyaNakamura\Documents\project-ms\game\game\Debug\game.exe
     1>プロジェクト "C:\Users\RyuyaNakamura\Documents\project-ms\game\game\game.vcxproj" (Build ターゲット) のビルドが完了しました。

ビルドに成功しました。

経過時間 00:00:30.90
